{
  "RSpec": {
    "coverage": {
      "/Users/Taryn/8thLight/ruby_ttt/lib/ai.rb": [
        1,
        1,
        1,
        1,
        1,
        null,
        1,
        null,
        1,
        1,
        1,
        1,
        null,
        null,
        1,
        16,
        85,
        16,
        null,
        null,
        1,
        null,
        1,
        16,
        16,
        69,
        null,
        null,
        null,
        1,
        69,
        69,
        69,
        69,
        null,
        null,
        1,
        10581,
        7404,
        1994,
        null,
        null,
        1,
        25488,
        14907,
        8248,
        8248,
        null,
        6659,
        6659,
        null,
        null,
        null,
        1,
        14907,
        25419,
        25419,
        25419,
        25419,
        25419,
        25419,
        null,
        14907,
        null,
        null,
        null
      ],
      "/Users/Taryn/8thLight/ruby_ttt/lib/board.rb": [
        1,
        1,
        1,
        1,
        1,
        64,
        64,
        64,
        null,
        null,
        1,
        64,
        64,
        64,
        64,
        193,
        583,
        583,
        583,
        null,
        193,
        193,
        null,
        64,
        null,
        null,
        1,
        64,
        257,
        257,
        192,
        64,
        null,
        null,
        1,
        66,
        66,
        66,
        66,
        66,
        200,
        200,
        200,
        null,
        66,
        null,
        null,
        1,
        25532,
        null,
        null,
        1,
        569120,
        56912,
        392748,
        null,
        36983,
        null,
        null,
        1,
        25491,
        null,
        null,
        1,
        8,
        null,
        null,
        1,
        13,
        null,
        null,
        1,
        25489,
        null,
        null,
        1,
        25493,
        null,
        null,
        1,
        149330,
        null,
        null,
        1,
        2,
        null,
        null,
        1,
        2,
        2,
        2,
        null,
        null,
        1,
        1,
        64,
        64,
        64,
        193,
        193,
        null,
        64,
        null,
        null,
        1,
        193,
        193,
        193,
        583,
        583,
        null,
        193,
        null,
        null,
        1,
        64,
        64,
        64,
        null,
        null,
        1,
        64,
        64,
        64,
        64,
        193,
        193,
        193,
        null,
        64,
        null,
        null,
        1,
        64,
        64,
        64,
        64,
        193,
        193,
        193,
        null,
        64,
        null,
        null,
        null
      ],
      "/Users/Taryn/8thLight/ruby_ttt/lib/ruby_ttt.rb": [
        1,
        1,
        1,
        1,
        1,
        1,
        1,
        1,
        26,
        26,
        26,
        26,
        26,
        26,
        null,
        null,
        1,
        2,
        1,
        1,
        1,
        null,
        2,
        null,
        null,
        1,
        6,
        4,
        4,
        null,
        2,
        null,
        null,
        null,
        1,
        4,
        2,
        null,
        null,
        1,
        6,
        null,
        null,
        1,
        2,
        2,
        2,
        null,
        null,
        1,
        4,
        3,
        1,
        1,
        null,
        null,
        null,
        1,
        4,
        null,
        null,
        1,
        23,
        null,
        null,
        1,
        3,
        3,
        null,
        null,
        null
      ],
      "/Users/Taryn/8thLight/ruby_ttt/lib/player.rb": [
        1,
        1,
        1,
        16,
        16,
        16,
        16,
        null,
        null,
        1,
        2,
        2,
        null,
        null,
        1,
        2,
        null,
        null,
        1,
        13808,
        null,
        null,
        1,
        11611,
        null,
        null,
        null,
        1,
        1,
        1,
        6661,
        6661,
        6661,
        null,
        null,
        1,
        11613,
        null,
        null,
        1,
        6659,
        null,
        null,
        null,
        null,
        1,
        1,
        1,
        8250,
        8250,
        8250,
        null,
        null,
        1,
        13810,
        null,
        null,
        1,
        8248,
        null,
        null,
        null,
        null
      ],
      "/Users/Taryn/8thLight/ruby_ttt/lib/ui.rb": [
        1,
        1,
        1,
        72,
        72,
        null,
        null,
        1,
        4,
        4,
        null,
        null,
        1,
        1,
        1,
        null,
        null,
        1,
        2,
        null,
        null,
        1,
        4,
        null,
        null,
        1,
        2,
        null,
        null,
        1,
        1,
        null,
        null,
        1,
        4,
        null,
        null,
        1,
        4,
        null,
        null,
        1,
        4,
        null,
        null,
        1,
        5,
        5,
        5,
        15,
        15,
        null,
        5,
        null,
        null,
        1,
        10,
        40,
        10,
        null,
        null,
        1,
        2,
        2,
        6,
        6,
        null,
        null,
        null,
        1,
        9,
        36,
        9,
        9,
        null,
        null,
        1,
        27,
        null,
        null,
        1,
        2,
        2,
        2,
        null,
        null,
        1,
        5,
        5,
        null,
        null,
        1,
        2,
        null,
        null,
        1,
        3,
        null,
        null,
        1,
        3,
        null,
        null,
        1,
        5,
        null,
        null,
        1,
        2,
        null,
        null,
        1,
        1,
        1,
        1,
        null,
        null,
        null
      ],
      "/Users/Taryn/8thLight/ruby_ttt/lib/game_setup.rb": [
        1,
        1,
        1,
        1,
        1,
        1,
        1,
        22,
        22,
        22,
        22,
        null,
        null,
        1,
        0,
        0,
        0,
        0,
        0,
        0,
        0,
        0,
        0,
        0,
        null,
        null,
        null,
        1,
        2,
        2,
        null,
        null,
        1,
        3,
        3,
        null,
        null,
        1,
        2,
        0,
        0,
        null,
        null,
        1,
        4,
        null,
        null,
        1,
        6,
        null,
        null,
        1,
        4,
        4,
        null,
        null,
        1,
        2,
        2,
        null,
        null,
        1,
        3,
        null,
        null,
        1,
        1,
        1,
        null,
        null,
        1,
        2,
        null,
        null,
        1,
        4,
        4,
        null,
        null,
        1,
        2,
        2,
        null,
        null,
        null
      ],
      "/Users/Taryn/8thLight/ruby_ttt/spec/board_spec.rb": [
        1,
        null,
        1,
        null,
        1,
        34,
        34,
        34,
        34,
        null,
        null,
        1,
        1,
        1,
        1,
        null,
        1,
        null,
        null,
        null,
        1,
        1,
        1,
        1,
        null,
        null,
        null,
        null,
        null,
        null,
        1,
        null,
        null,
        null,
        1,
        1,
        1,
        null,
        null,
        1,
        null,
        null,
        1,
        1,
        1,
        null,
        null,
        null,
        1,
        null,
        null,
        null,
        1,
        1,
        1,
        1,
        null,
        null,
        1,
        1,
        1,
        null,
        null,
        null,
        1,
        null,
        null,
        null,
        1,
        null,
        null,
        null,
        null,
        null,
        null,
        null,
        null,
        null,
        null,
        null,
        null,
        null,
        null,
        null,
        null,
        6,
        6,
        6,
        null,
        null,
        null,
        null,
        1,
        1,
        1,
        null,
        null,
        null,
        null,
        1,
        null,
        null,
        1,
        1,
        null,
        null,
        null,
        null,
        1,
        null,
        null,
        1,
        1,
        null,
        null,
        null,
        null,
        1,
        null,
        null,
        null,
        1,
        1,
        1,
        null,
        null,
        1,
        1,
        null,
        null,
        1,
        1,
        null,
        null,
        null,
        1,
        1,
        1,
        null,
        null,
        1,
        1,
        null,
        null,
        1,
        1,
        null,
        null,
        null,
        1,
        1,
        1,
        1,
        null,
        null,
        null,
        1,
        1,
        1,
        null,
        null,
        1,
        null,
        null,
        1,
        1,
        null,
        null,
        1,
        null,
        null,
        null,
        1,
        1,
        3,
        3,
        3,
        null,
        null,
        1,
        1,
        null,
        null,
        1,
        1,
        1,
        null,
        null,
        1,
        1,
        1,
        1,
        null,
        null,
        null,
        1,
        1,
        1,
        null,
        null,
        1,
        null,
        null,
        1,
        1,
        null,
        null,
        1,
        null,
        null,
        1,
        1,
        null,
        null,
        1,
        null,
        null,
        null,
        1,
        1,
        1,
        null,
        1,
        1,
        1,
        null,
        null,
        null,
        1,
        1,
        1,
        null,
        null,
        1,
        1,
        null,
        null,
        1,
        1,
        null,
        null,
        1,
        1,
        null,
        null,
        null,
        null
      ],
      "/Users/Taryn/8thLight/ruby_ttt/spec/game_setup_spec.rb": [
        1,
        null,
        1,
        null,
        1,
        22,
        22,
        22,
        22,
        22,
        null,
        null,
        1,
        1,
        1,
        1,
        null,
        null,
        1,
        1,
        1,
        null,
        null,
        null,
        1,
        1,
        1,
        1,
        1,
        1,
        null,
        null,
        null,
        1,
        1,
        1,
        1,
        1,
        1,
        null,
        null,
        null,
        null,
        null,
        null,
        null,
        null,
        null,
        null,
        null,
        null,
        1,
        1,
        1,
        1,
        1,
        null,
        null,
        1,
        1,
        1,
        1,
        null,
        null,
        null,
        1,
        1,
        2,
        2,
        null,
        1,
        1,
        1,
        null,
        null,
        1,
        1,
        1,
        null,
        null,
        null,
        1,
        1,
        1,
        1,
        1,
        null,
        null,
        1,
        1,
        1,
        null,
        null,
        1,
        1,
        1,
        null,
        null,
        null,
        1,
        1,
        1,
        1,
        null,
        null,
        1,
        1,
        1,
        null,
        null,
        1,
        1,
        1,
        null,
        null,
        null,
        null,
        1,
        1,
        3,
        3,
        null,
        null,
        1,
        1,
        1,
        1,
        null,
        null,
        1,
        1,
        1,
        null,
        null,
        null,
        1,
        1,
        1,
        1,
        null,
        null,
        null,
        null,
        1,
        1,
        1,
        1,
        1,
        1,
        null,
        null,
        null,
        1,
        1,
        1,
        1,
        null,
        null,
        1,
        1,
        1,
        1,
        null,
        null,
        null,
        1,
        1,
        1,
        1,
        null,
        null,
        1,
        1,
        1,
        null,
        null,
        null,
        null,
        null
      ],
      "/Users/Taryn/8thLight/ruby_ttt/spec/game_spec.rb": [
        1,
        null,
        1,
        null,
        1,
        20,
        20,
        20,
        20,
        20,
        null,
        null,
        1,
        1,
        1,
        1,
        1,
        1,
        null,
        null,
        1,
        1,
        1,
        1,
        1,
        null,
        null,
        null,
        1,
        1,
        1,
        1,
        1,
        1,
        null,
        null,
        1,
        1,
        1,
        null,
        null,
        1,
        1,
        1,
        1,
        1,
        null,
        null,
        null,
        1,
        1,
        2,
        2,
        null,
        null,
        1,
        1,
        1,
        1,
        null,
        null,
        1,
        1,
        1,
        1,
        null,
        null,
        null,
        1,
        1,
        2,
        null,
        null,
        1,
        1,
        1,
        1,
        1,
        null,
        null,
        1,
        1,
        1,
        1,
        1,
        null,
        null,
        null,
        1,
        1,
        5,
        5,
        5,
        null,
        1,
        1,
        1,
        1,
        null,
        null,
        1,
        1,
        1,
        1,
        null,
        null,
        1,
        1,
        1,
        1,
        null,
        null,
        1,
        1,
        1,
        null,
        null,
        1,
        1,
        1,
        1,
        1,
        1,
        null,
        null,
        null,
        1,
        1,
        1,
        1,
        1,
        1,
        1,
        null,
        null,
        null,
        1,
        1,
        2,
        null,
        null,
        1,
        1,
        1,
        null,
        null,
        1,
        1,
        1,
        null,
        null,
        null,
        1,
        1,
        1,
        null,
        null,
        1,
        1,
        null,
        null,
        null,
        1,
        1,
        1,
        1,
        1,
        null,
        null,
        null,
        null
      ],
      "/Users/Taryn/8thLight/ruby_ttt/spec/player_spec.rb": [
        1,
        null,
        1,
        null,
        1,
        8,
        8,
        8,
        8,
        8,
        null,
        null,
        1,
        1,
        2,
        2,
        2,
        null,
        1,
        1,
        null,
        null,
        1,
        1,
        null,
        null,
        null,
        1,
        1,
        2,
        2,
        null,
        1,
        1,
        null,
        null,
        1,
        1,
        null,
        null,
        null,
        1,
        1,
        2,
        null,
        null,
        1,
        1,
        null,
        null,
        1,
        1,
        null,
        null,
        null,
        null,
        1,
        1,
        2,
        null,
        null,
        1,
        1,
        null,
        null,
        1,
        1,
        null,
        null,
        null,
        null,
        null
      ],
      "/Users/Taryn/8thLight/ruby_ttt/spec/ui_spec.rb": [
        1,
        null,
        1,
        null,
        1,
        1,
        5,
        5,
        5,
        5,
        5,
        null,
        null,
        1,
        1,
        1,
        1,
        1,
        null,
        null,
        null,
        1,
        1,
        1,
        1,
        1,
        null,
        null,
        null,
        1,
        1,
        1,
        1,
        1,
        null,
        null,
        null,
        1,
        1,
        1,
        null,
        null,
        1,
        1,
        null,
        null,
        null,
        null,
        1,
        1,
        5,
        5,
        5,
        5,
        null,
        null,
        1,
        1,
        1,
        1,
        null,
        null,
        null,
        1,
        1,
        1,
        1,
        null,
        null,
        null,
        1,
        1,
        1,
        1,
        null,
        null,
        null,
        1,
        1,
        1,
        1,
        null,
        null,
        1,
        1,
        1,
        null,
        null,
        null,
        null,
        1,
        1,
        3,
        3,
        3,
        3,
        null,
        null,
        1,
        1,
        1,
        1,
        null,
        null,
        1,
        1,
        1,
        null,
        null,
        null,
        1,
        1,
        1,
        1,
        null,
        null,
        null,
        null,
        1,
        1,
        3,
        3,
        3,
        null,
        null,
        1,
        1,
        1,
        1,
        null,
        null,
        null,
        1,
        1,
        1,
        1,
        1,
        null,
        null,
        null,
        1,
        1,
        1,
        1,
        1,
        null,
        null,
        null,
        null,
        null,
        1,
        1,
        8,
        8,
        null,
        null,
        8,
        8,
        null,
        null,
        1,
        1,
        1,
        1,
        null,
        null,
        null,
        1,
        1,
        1,
        1,
        null,
        null,
        null,
        1,
        1,
        1,
        1,
        1,
        null,
        null,
        1,
        1,
        1,
        1,
        null,
        null,
        1,
        1,
        1,
        1,
        null,
        null,
        null,
        1,
        1,
        1,
        1,
        null,
        null,
        1,
        1,
        1,
        null,
        null,
        null,
        1,
        1,
        1,
        1,
        null,
        null,
        null,
        null,
        null,
        null
      ]
    },
    "timestamp": 1387155731
  }
}
